Logfile initialized
[INFO] logfile = /home/caspar/Dropbox/Code/Titanium/YourBrain/Boozerlyzer/build.log
[DEBUG] /home/caspar/.titanium/mobilesdk/linux/1.7.0.RC1/android/builder.py simulator Boozerlyzer /usr/local/android-sdk-linux_x86 /home/caspar/Dropbox/Code/Titanium/YourBrain/Boozerlyzer net.yourbrainondrugs.ybob 7 HVGA 
[INFO] Building Boozerlyzer for Android ... one moment
[INFO] Titanium SDK version: 1.7.0 (05/15/11 17:26 e6afca8)
[DEBUG] Waiting for device to be ready ...
[TRACE] adb devices returned 1 devices/emulators
[TRACE] adb devices returned 1 devices/emulators
[TRACE] adb devices returned 1 devices/emulators
[TRACE] adb devices returned 1 devices/emulators
[TRACE] adb devices returned 1 devices/emulators
[DEBUG] Device connected... (waited 10 seconds)
[DEBUG] waited 10.081447 seconds on emulator to get ready
[INFO] Waiting for the Android Emulator to become available
[TRACE] adb devices returned 1 devices/emulators
[DEBUG] Device connected... (waited 30 seconds)
[DEBUG] waited 30.907393 seconds on emulator to get ready
[INFO] Waiting for the Android Emulator to become available
[DEBUG] net.yourbrainondrugs.ybob installed? True
[WARN] Fastdev enabled, but server isn't running, deploying normally
[INFO] Copying project resources..
[INFO] Detected tiapp.xml change, forcing full re-build...
[DEBUG] net.yourbrainondrugs.ybob installed? True
[WARN] Fastdev enabled, but server isn't running, deploying normally
[INFO] Copying project resources..
[ERROR] Exception occured while building Android project:
[ERROR] Traceback (most recent call last):
[ERROR]   File "/home/caspar/.titanium/mobilesdk/linux/1.7.0.RC1/android/builder.py", line 1934, in <module>
[ERROR]     s.build_and_run(False, avd_id)
[ERROR]   File "/home/caspar/.titanium/mobilesdk/linux/1.7.0.RC1/android/builder.py", line 1681, in build_and_run
[ERROR]     self.copy_project_resources()
[ERROR]   File "/home/caspar/.titanium/mobilesdk/linux/1.7.0.RC1/android/builder.py", line 567, in copy_project_resources
[ERROR]     self.project_deltafy = Deltafy(resources_dir, include_callback=self.include_path)
[ERROR]   File "/home/caspar/.titanium/mobilesdk/linux/1.7.0.RC1/android/deltafy.py", line 108, in __init__
[ERROR]     self.conn.execute('create table if not exists timestamps (path text, modified timestamp)')
[ERROR] OperationalError: database is locked
[TRACE] COPYING CREATED FILE: /home/caspar/Dropbox/Code/Titanium/YourBrain/Boozerlyzer/Resources/charts/chartSingleSession.html => /home/caspar/Dropbox/Code/Titanium/YourBrain/Boozerlyzer/build/android/bin/assets/Resources/charts/chartSingleSession.html
[TRACE] COPYING CREATED FILE: /home/caspar/Dropbox/Code/Titanium/YourBrain/Boozerlyzer/Resources/charts/raphtest.html => /home/caspar/Dropbox/Code/Titanium/YourBrain/Boozerlyzer/build/android/bin/assets/Resources/charts/raphtest.html
[TRACE] COPYING CREATED FILE: /home/caspar/Dropbox/Code/Titanium/YourBrain/Boozerlyzer/Resources/charts/chart2.html => /home/caspar/Dropbox/Code/Titanium/YourBrain/Boozerlyzer/build/android/bin/assets/Resources/charts/chart2.html
[TRACE] COPYING CREATED FILE: /home/caspar/Dropbox/Code/Titanium/YourBrain/Boozerlyzer/Resources/charts/raphtest.html~ => /home/caspar/Dropbox/Code/Titanium/YourBrain/Boozerlyzer/build/android/bin/assets/Resources/charts/raphtest.html~
[TRACE] COPYING CREATED FILE: /home/caspar/Dropbox/Code/Titanium/YourBrain/Boozerlyzer/Resources/charts/.tmp_chart3.html.47578~ => /home/caspar/Dropbox/Code/Titanium/YourBrain/Boozerlyzer/build/android/bin/assets/Resources/charts/.tmp_chart3.html.47578~
[TRACE] COPYING CREATED FILE: /home/caspar/Dropbox/Code/Titanium/YourBrain/Boozerlyzer/Resources/charts/.tmp_chart3.html.29439~ => /home/caspar/Dropbox/Code/Titanium/YourBrain/Boozerlyzer/build/android/bin/assets/Resources/charts/.tmp_chart3.html.29439~
[TRACE] COPYING CREATED FILE: /home/caspar/Dropbox/Code/Titanium/YourBrain/Boozerlyzer/Resources/charts/chart.html => /home/caspar/Dropbox/Code/Titanium/YourBrain/Boozerlyzer/build/android/bin/assets/Resources/charts/chart.html
[TRACE] COPYING CREATED FILE: /home/caspar/Dropbox/Code/Titanium/YourBrain/Boozerlyzer/Resources/charts/chart3.html => /home/caspar/Dropbox/Code/Titanium/YourBrain/Boozerlyzer/build/android/bin/assets/Resources/charts/chart3.html
[TRACE] COPYING CREATED FILE: /home/caspar/Dropbox/Code/Titanium/YourBrain/Boozerlyzer/Resources/.project => /home/caspar/Dropbox/Code/Titanium/YourBrain/Boozerlyzer/build/android/bin/assets/Resources/.project
[TRACE] COPYING CREATED FILE: /home/caspar/Dropbox/Code/Titanium/YourBrain/Boozerlyzer/Resources/app.js => /home/caspar/Dropbox/Code/Titanium/YourBrain/Boozerlyzer/build/android/bin/assets/Resources/app.js
[TRACE] COPYING CREATED FILE: /home/caspar/Dropbox/Code/Titanium/YourBrain/Boozerlyzer/Resources/win/win_results1.js => /home/caspar/Dropbox/Code/Titanium/YourBrain/Boozerlyzer/build/android/bin/assets/Resources/win/win_results1.js
[TRACE] COPYING CREATED FILE: /home/caspar/Dropbox/Code/Titanium/YourBrain/Boozerlyzer/Resources/win/win_tripreport.js => /home/caspar/Dropbox/Code/Titanium/YourBrain/Boozerlyzer/build/android/bin/assets/Resources/win/win_tripreport.js
[TRACE] COPYING CREATED FILE: /home/caspar/Dropbox/Code/Titanium/YourBrain/Boozerlyzer/Resources/win/win_privacy.js => /home/caspar/Dropbox/Code/Titanium/YourBrain/Boozerlyzer/build/android/bin/assets/Resources/win/win_privacy.js
[TRACE] COPYING CREATED FILE: /home/caspar/Dropbox/Code/Titanium/YourBrain/Boozerlyzer/Resources/win/win_main.js => /home/caspar/Dropbox/Code/Titanium/YourBrain/Boozerlyzer/build/android/bin/assets/Resources/win/win_main.js
[TRACE] COPYING CREATED FILE: /home/caspar/Dropbox/Code/Titanium/YourBrain/Boozerlyzer/Resources/win/win_drinks.js => /home/caspar/Dropbox/Code/Titanium/YourBrain/Boozerlyzer/build/android/bin/assets/Resources/win/win_drinks.js
[TRACE] COPYING CREATED FILE: /home/caspar/Dropbox/Code/Titanium/YourBrain/Boozerlyzer/Resources/win/win_highScores.js => /home/caspar/Dropbox/Code/Titanium/YourBrain/Boozerlyzer/build/android/bin/assets/Resources/win/win_highScores.js
[TRACE] COPYING CREATED FILE: /home/caspar/Dropbox/Code/Titanium/YourBrain/Boozerlyzer/Resources/win/win_gameMenu.js => /home/caspar/Dropbox/Code/Titanium/YourBrain/Boozerlyzer/build/android/bin/assets/Resources/win/win_gameMenu.js
[TRACE] COPYING CREATED FILE: /home/caspar/Dropbox/Code/Titanium/YourBrain/Boozerlyzer/Resources/win/win_personal.js => /home/caspar/Dropbox/Code/Titanium/YourBrain/Boozerlyzer/build/android/bin/assets/Resources/win/win_personal.js
[TRACE] COPYING CREATED FILE: /home/caspar/Dropbox/Code/Titanium/YourBrain/Boozerlyzer/Resources/win/win_doseage.js => /home/caspar/Dropbox/Code/Titanium/YourBrain/Boozerlyzer/build/android/bin/assets/Resources/win/win_doseage.js
[TRACE] COPYING CREATED FILE: /home/caspar/Dropbox/Code/Titanium/YourBrain/Boozerlyzer/Resources/win/win_gameStroop.js => /home/caspar/Dropbox/Code/Titanium/YourBrain/Boozerlyzer/build/android/bin/assets/Resources/win/win_gameStroop.js
[TRACE] COPYING CREATED FILE: /home/caspar/Dropbox/Code/Titanium/YourBrain/Boozerlyzer/Resources/win/win_gameWords.js => /home/caspar/Dropbox/Code/Titanium/YourBrain/Boozerlyzer/build/android/bin/assets/Resources/win/win_gameWords.js
[TRACE] COPYING CREATED FILE: /home/caspar/Dropbox/Code/Titanium/YourBrain/Boozerlyzer/Resources/win/win_mydata.js => /home/caspar/Dropbox/Code/Titanium/YourBrain/Boozerlyzer/build/android/bin/assets/Resources/win/win_mydata.js
[TRACE] COPYING CREATED FILE: /home/caspar/Dropbox/Code/Titanium/YourBrain/Boozerlyzer/Resources/win/win_emotion.js => /home/caspar/Dropbox/Code/Titanium/YourBrain/Boozerlyzer/build/android/bin/assets/Resources/win/win_emotion.js
[TRACE] COPYING CREATED FILE: /home/caspar/Dropbox/Code/Titanium/YourBrain/Boozerlyzer/Resources/win/win_gameStatLearn.js => /home/caspar/Dropbox/Code/Titanium/YourBrain/Boozerlyzer/build/android/bin/assets/Resources/win/win_gameStatLearn.js
[TRACE] COPYING CREATED FILE: /home/caspar/Dropbox/Code/Titanium/YourBrain/Boozerlyzer/Resources/win/win_charts.js => /home/caspar/Dropbox/Code/Titanium/YourBrain/Boozerlyzer/build/android/bin/assets/Resources/win/win_charts.js
[TRACE] COPYING CREATED FILE: /home/caspar/Dropbox/Code/Titanium/YourBrain/Boozerlyzer/Resources/js/dateTimeHelpers.js => /home/caspar/Dropbox/Code/Titanium/YourBrain/Boozerlyzer/build/android/bin/assets/Resources/js/dateTimeHelpers.js
[TRACE] COPYING CREATED FILE: /home/caspar/Dropbox/Code/Titanium/YourBrain/Boozerlyzer/Resources/js/bloodalcohol.js => /home/caspar/Dropbox/Code/Titanium/YourBrain/Boozerlyzer/build/android/bin/assets/Resources/js/bloodalcohol.js
[TRACE] COPYING CREATED FILE: /home/caspar/Dropbox/Code/Titanium/YourBrain/Boozerlyzer/Resources/libraries/RGraph.common.adjusting.js => /home/caspar/Dropbox/Code/Titanium/YourBrain/Boozerlyzer/build/android/bin/assets/Resources/libraries/RGraph.common.adjusting.js
[TRACE] COPYING CREATED FILE: /home/caspar/Dropbox/Code/Titanium/YourBrain/Boozerlyzer/Resources/libraries/RGraph.bar.js => /home/caspar/Dropbox/Code/Titanium/YourBrain/Boozerlyzer/build/android/bin/assets/Resources/libraries/RGraph.bar.js
[TRACE] COPYING CREATED FILE: /home/caspar/Dropbox/Code/Titanium/YourBrain/Boozerlyzer/Resources/libraries/RGraph.skeleton.js => /home/caspar/Dropbox/Code/Titanium/YourBrain/Boozerlyzer/build/android/bin/assets/Resources/libraries/RGraph.skeleton.js
[TRACE] COPYING CREATED FILE: /home/caspar/Dropbox/Code/Titanium/YourBrain/Boozerlyzer/Resources/libraries/RGraph.funnel.js => /home/caspar/Dropbox/Code/Titanium/YourBrain/Boozerlyzer/build/android/bin/assets/Resources/libraries/RGraph.funnel.js
[TRACE] COPYING CREATED FILE: /home/caspar/Dropbox/Code/Titanium/YourBrain/Boozerlyzer/Resources/libraries/RGraph.tradar.js => /home/caspar/Dropbox/Code/Titanium/YourBrain/Boozerlyzer/build/android/bin/assets/Resources/libraries/RGraph.tradar.js
[TRACE] COPYING CREATED FILE: /home/caspar/Dropbox/Code/Titanium/YourBrain/Boozerlyzer/Resources/libraries/RGraph.hbar.js => /home/caspar/Dropbox/Code/Titanium/YourBrain/Boozerlyzer/build/android/bin/assets/Resources/libraries/RGraph.hbar.js
[TRACE] COPYING CREATED FILE: /home/caspar/Dropbox/Code/Titanium/YourBrain/Boozerlyzer/Resources/libraries/RGraph.pie.js => /home/caspar/Dropbox/Code/Titanium/YourBrain/Boozerlyzer/build/android/bin/assets/Resources/libraries/RGraph.pie.js
[TRACE] COPYING CREATED FILE: /home/caspar/Dropbox/Code/Titanium/YourBrain/Boozerlyzer/Resources/libraries/RGraph.rscatter.js => /home/caspar/Dropbox/Code/Titanium/YourBrain/Boozerlyzer/build/android/bin/assets/Resources/libraries/RGraph.rscatter.js
[TRACE] COPYING CREATED FILE: /home/caspar/Dropbox/Code/Titanium/YourBrain/Boozerlyzer/Resources/libraries/RGraph.led.js => /home/caspar/Dropbox/Code/Titanium/YourBrain/Boozerlyzer/build/android/bin/assets/Resources/libraries/RGraph.led.js
[TRACE] COPYING CREATED FILE: /home/caspar/Dropbox/Code/Titanium/YourBrain/Boozerlyzer/Resources/libraries/RGraph.common.context.js => /home/caspar/Dropbox/Code/Titanium/YourBrain/Boozerlyzer/build/android/bin/assets/Resources/libraries/RGraph.common.context.js
[TRACE] COPYING CREATED FILE: /home/caspar/Dropbox/Code/Titanium/YourBrain/Boozerlyzer/Resources/libraries/RGraph.common.zoom.js => /home/caspar/Dropbox/Code/Titanium/YourBrain/Boozerlyzer/build/android/bin/assets/Resources/libraries/RGraph.common.zoom.js
[TRACE] COPYING CREATED FILE: /home/caspar/Dropbox/Code/Titanium/YourBrain/Boozerlyzer/Resources/libraries/RGraph.scatter.js => /home/caspar/Dropbox/Code/Titanium/YourBrain/Boozerlyzer/build/android/bin/assets/Resources/libraries/RGraph.scatter.js
[TRACE] COPYING CREATED FILE: /home/caspar/Dropbox/Code/Titanium/YourBrain/Boozerlyzer/Resources/libraries/g.raphael-min.js => /home/caspar/Dropbox/Code/Titanium/YourBrain/Boozerlyzer/build/android/bin/assets/Resources/libraries/g.raphael-min.js
[TRACE] COPYING CREATED FILE: /home/caspar/Dropbox/Code/Titanium/YourBrain/Boozerlyzer/Resources/libraries/RGraph.meter.js => /home/caspar/Dropbox/Code/Titanium/YourBrain/Boozerlyzer/build/android/bin/assets/Resources/libraries/RGraph.meter.js
[TRACE] COPYING CREATED FILE: /home/caspar/Dropbox/Code/Titanium/YourBrain/Boozerlyzer/Resources/libraries/RGraph.common.core.js => /home/caspar/Dropbox/Code/Titanium/YourBrain/Boozerlyzer/build/android/bin/assets/Resources/libraries/RGraph.common.core.js
[TRACE] COPYING CREATED FILE: /home/caspar/Dropbox/Code/Titanium/YourBrain/Boozerlyzer/Resources/libraries/RGraph.common.resizing.js => /home/caspar/Dropbox/Code/Titanium/YourBrain/Boozerlyzer/build/android/bin/assets/Resources/libraries/RGraph.common.resizing.js
[TRACE] COPYING CREATED FILE: /home/caspar/Dropbox/Code/Titanium/YourBrain/Boozerlyzer/Resources/libraries/RGraph.rose.js => /home/caspar/Dropbox/Code/Titanium/YourBrain/Boozerlyzer/build/android/bin/assets/Resources/libraries/RGraph.rose.js
[TRACE] COPYING CREATED FILE: /home/caspar/Dropbox/Code/Titanium/YourBrain/Boozerlyzer/Resources/libraries/RGraph.common.annotate.js => /home/caspar/Dropbox/Code/Titanium/YourBrain/Boozerlyzer/build/android/bin/assets/Resources/libraries/RGraph.common.annotate.js
[TRACE] COPYING CREATED FILE: /home/caspar/Dropbox/Code/Titanium/YourBrain/Boozerlyzer/Resources/libraries/RGraph.line.js => /home/caspar/Dropbox/Code/Titanium/YourBrain/Boozerlyzer/build/android/bin/assets/Resources/libraries/RGraph.line.js
[TRACE] COPYING CREATED FILE: /home/caspar/Dropbox/Code/Titanium/YourBrain/Boozerlyzer/Resources/libraries/RGraph.modaldialog.js => /home/caspar/Dropbox/Code/Titanium/YourBrain/Boozerlyzer/build/android/bin/assets/Resources/libraries/RGraph.modaldialog.js
[TRACE] COPYING CREATED FILE: /home/caspar/Dropbox/Code/Titanium/YourBrain/Boozerlyzer/Resources/libraries/RGraph.gantt.js => /home/caspar/Dropbox/Code/Titanium/YourBrain/Boozerlyzer/build/android/bin/assets/Resources/libraries/RGraph.gantt.js
[TRACE] COPYING CREATED FILE: /home/caspar/Dropbox/Code/Titanium/YourBrain/Boozerlyzer/Resources/libraries/RGraph.bipolar.js => /home/caspar/Dropbox/Code/Titanium/YourBrain/Boozerlyzer/build/android/bin/assets/Resources/libraries/RGraph.bipolar.js
[TRACE] COPYING CREATED FILE: /home/caspar/Dropbox/Code/Titanium/YourBrain/Boozerlyzer/Resources/libraries/RGraph.common.tooltips.js => /home/caspar/Dropbox/Code/Titanium/YourBrain/Boozerlyzer/build/android/bin/assets/Resources/libraries/RGraph.common.tooltips.js
[TRACE] COPYING CREATED FILE: /home/caspar/Dropbox/Code/Titanium/YourBrain/Boozerlyzer/Resources/libraries/raphael-min.lib => /home/caspar/Dropbox/Code/Titanium/YourBrain/Boozerlyzer/build/android/bin/assets/Resources/libraries/raphael-min.lib
[TRACE] COPYING CREATED FILE: /home/caspar/Dropbox/Code/Titanium/YourBrain/Boozerlyzer/Resources/libraries/RGraph.odo.js => /home/caspar/Dropbox/Code/Titanium/YourBrain/Boozerlyzer/build/android/bin/assets/Resources/libraries/RGraph.odo.js
[TRACE] COPYING CREATED FILE: /home/caspar/Dropbox/Code/Titanium/YourBrain/Boozerlyzer/Resources/libraries/RGraph.hprogress.js => /home/caspar/Dropbox/Code/Titanium/YourBrain/Boozerlyzer/build/android/bin/assets/Resources/libraries/RGraph.hprogress.js
[TRACE] COPYING CREATED FILE: /home/caspar/Dropbox/Code/Titanium/YourBrain/Boozerlyzer/Resources/libraries/g.pie-min.js => /home/caspar/Dropbox/Code/Titanium/YourBrain/Boozerlyzer/build/android/bin/assets/Resources/libraries/g.pie-min.js
[TRACE] COPYING CREATED FILE: /home/caspar/Dropbox/Code/Titanium/YourBrain/Boozerlyzer/Resources/libraries/RGraph.vprogress.js => /home/caspar/Dropbox/Code/Titanium/YourBrain/Boozerlyzer/build/android/bin/assets/Resources/libraries/RGraph.vprogress.js
[TRACE] COPYING CREATED FILE: /home/caspar/Dropbox/Code/Titanium/YourBrain/Boozerlyzer/Resources/icons/Misc.png => /home/caspar/Dropbox/Code/Titanium/YourBrain/Boozerlyzer/build/android/bin/assets/Resources/icons/Misc.png
[TRACE] COPYING CREATED FILE: /home/caspar/Dropbox/Code/Titanium/YourBrain/Boozerlyzer/Resources/icons/Sad.png => /home/caspar/Dropbox/Code/Titanium/YourBrain/Boozerlyzer/build/android/bin/assets/Resources/icons/Sad.png
[TRACE] COPYING CREATED FILE: /home/caspar/Dropbox/Code/Titanium/YourBrain/Boozerlyzer/Resources/icons/wine-empty.png => /home/caspar/Dropbox/Code/Titanium/YourBrain/Boozerlyzer/build/android/bin/assets/Resources/icons/wine-empty.png
[TRACE] COPYING CREATED FILE: /home/caspar/Dropbox/Code/Titanium/YourBrain/Boozerlyzer/Resources/icons/time.png => /home/caspar/Dropbox/Code/Titanium/YourBrain/Boozerlyzer/build/android/bin/assets/Resources/icons/time.png
[TRACE] COPYING CREATED FILE: /home/caspar/Dropbox/Code/Titanium/YourBrain/Boozerlyzer/Resources/icons/line_chart.png => /home/caspar/Dropbox/Code/Titanium/YourBrain/Boozerlyzer/build/android/bin/assets/Resources/icons/line_chart.png
[TRACE] COPYING CREATED FILE: /home/caspar/Dropbox/Code/Titanium/YourBrain/Boozerlyzer/Resources/icons/full_size_snail_icon_by_jordanfc.png => /home/caspar/Dropbox/Code/Titanium/YourBrain/Boozerlyzer/build/android/bin/assets/Resources/icons/full_size_snail_icon_by_jordanfc.png
[TRACE] COPYING CREATED FILE: /home/caspar/Dropbox/Code/Titanium/YourBrain/Boozerlyzer/Resources/icons/teddy_bear_toy_5.png => /home/caspar/Dropbox/Code/Titanium/YourBrain/Boozerlyzer/build/android/bin/assets/Resources/icons/teddy_bear_toy_5.png
[TRACE] COPYING CREATED FILE: /home/caspar/Dropbox/Code/Titanium/YourBrain/Boozerlyzer/Resources/icons/X orange.png => /home/caspar/Dropbox/Code/Titanium/YourBrain/Boozerlyzer/build/android/bin/assets/Resources/icons/X orange.png
[TRACE] COPYING CREATED FILE: /home/caspar/Dropbox/Code/Titanium/YourBrain/Boozerlyzer/Resources/icons/snail.png => /home/caspar/Dropbox/Code/Titanium/YourBrain/Boozerlyzer/build/android/bin/assets/Resources/icons/snail.png
[TRACE] COPYING CREATED FILE: /home/caspar/Dropbox/Code/Titanium/YourBrain/Boozerlyzer/Resources/icons/rocket.png => /home/caspar/Dropbox/Code/Titanium/YourBrain/Boozerlyzer/build/android/bin/assets/Resources/icons/rocket.png
[TRACE] COPYING CREATED FILE: /home/caspar/Dropbox/Code/Titanium/YourBrain/Boozerlyzer/Resources/icons/rubik.png => /home/caspar/Dropbox/Code/Titanium/YourBrain/Boozerlyzer/build/android/bin/assets/Resources/icons/rubik.png
[TRACE] COPYING CREATED FILE: /home/caspar/Dropbox/Code/Titanium/YourBrain/Boozerlyzer/Resources/icons/Target-256.png => /home/caspar/Dropbox/Code/Titanium/YourBrain/Boozerlyzer/build/android/bin/assets/Resources/icons/Target-256.png
[TRACE] COPYING CREATED FILE: /home/caspar/Dropbox/Code/Titanium/YourBrain/Boozerlyzer/Resources/icons/baby_icon.jpg => /home/caspar/Dropbox/Code/Titanium/YourBrain/Boozerlyzer/build/android/bin/assets/Resources/icons/baby_icon.jpg
[TRACE] COPYING CREATED FILE: /home/caspar/Dropbox/Code/Titanium/YourBrain/Boozerlyzer/Resources/icons/ybob-logo2.png => /home/caspar/Dropbox/Code/Titanium/YourBrain/Boozerlyzer/build/android/bin/assets/Resources/icons/ybob-logo2.png
[TRACE] COPYING CREATED FILE: /home/caspar/Dropbox/Code/Titanium/YourBrain/Boozerlyzer/Resources/icons/teddy_bear_toy_4.png => /home/caspar/Dropbox/Code/Titanium/YourBrain/Boozerlyzer/build/android/bin/assets/Resources/icons/teddy_bear_toy_4.png
[TRACE] COPYING CREATED FILE: /home/caspar/Dropbox/Code/Titanium/YourBrain/Boozerlyzer/Resources/icons/DullLamp.png => /home/caspar/Dropbox/Code/Titanium/YourBrain/Boozerlyzer/build/android/bin/assets/Resources/icons/DullLamp.png
[TRACE] COPYING CREATED FILE: /home/caspar/Dropbox/Code/Titanium/YourBrain/Boozerlyzer/Resources/icons/tripreport.png => /home/caspar/Dropbox/Code/Titanium/YourBrain/Boozerlyzer/build/android/bin/assets/Resources/icons/tripreport.png
[TRACE] COPYING CREATED FILE: /home/caspar/Dropbox/Code/Titanium/YourBrain/Boozerlyzer/Resources/icons/AGrade.png => /home/caspar/Dropbox/Code/Titanium/YourBrain/Boozerlyzer/build/android/bin/assets/Resources/icons/AGrade.png
[TRACE] COPYING CREATED FILE: /home/caspar/Dropbox/Code/Titanium/YourBrain/Boozerlyzer/Resources/icons/rocket_256.png => /home/caspar/Dropbox/Code/Titanium/YourBrain/Boozerlyzer/build/android/bin/assets/Resources/icons/rocket_256.png
[TRACE] COPYING CREATED FILE: /home/caspar/Dropbox/Code/Titanium/YourBrain/Boozerlyzer/Resources/icons/drunk.png => /home/caspar/Dropbox/Code/Titanium/YourBrain/Boozerlyzer/build/android/bin/assets/Resources/icons/drunk.png
[TRACE] COPYING CREATED FILE: /home/caspar/Dropbox/Code/Titanium/YourBrain/Boozerlyzer/Resources/icons/orange white pill.gif => /home/caspar/Dropbox/Code/Titanium/YourBrain/Boozerlyzer/build/android/bin/assets/Resources/icons/orange white pill.gif
[TRACE] COPYING CREATED FILE: /home/caspar/Dropbox/Code/Titanium/YourBrain/Boozerlyzer/Resources/icons/Fish-256.png => /home/caspar/Dropbox/Code/Titanium/YourBrain/Boozerlyzer/build/android/bin/assets/Resources/icons/Fish-256.png
[TRACE] COPYING CREATED FILE: /home/caspar/Dropbox/Code/Titanium/YourBrain/Boozerlyzer/Resources/icons/Angel.png => /home/caspar/Dropbox/Code/Titanium/YourBrain/Boozerlyzer/build/android/bin/assets/Resources/icons/Angel.png
[TRACE] COPYING CREATED FILE: /home/caspar/Dropbox/Code/Titanium/YourBrain/Boozerlyzer/Resources/icons/pills-3-128x128.png => /home/caspar/Dropbox/Code/Titanium/YourBrain/Boozerlyzer/build/android/bin/assets/Resources/icons/pills-3-128x128.png
[TRACE] COPYING CREATED FILE: /home/caspar/Dropbox/Code/Titanium/YourBrain/Boozerlyzer/Resources/icons/pie_chart.png => /home/caspar/Dropbox/Code/Titanium/YourBrain/Boozerlyzer/build/android/bin/assets/Resources/icons/pie_chart.png
[TRACE] COPYING CREATED FILE: /home/caspar/Dropbox/Code/Titanium/YourBrain/Boozerlyzer/Resources/icons/X water.png => /home/caspar/Dropbox/Code/Titanium/YourBrain/Boozerlyzer/build/android/bin/assets/Resources/icons/X water.png
[TRACE] COPYING CREATED FILE: /home/caspar/Dropbox/Code/Titanium/YourBrain/Boozerlyzer/Resources/icons/inverted_teddy_bear_toy_1.png => /home/caspar/Dropbox/Code/Titanium/YourBrain/Boozerlyzer/build/android/bin/assets/Resources/icons/inverted_teddy_bear_toy_1.png
[TRACE] COPYING CREATED FILE: /home/caspar/Dropbox/Code/Titanium/YourBrain/Boozerlyzer/Resources/icons/Ice.png => /home/caspar/Dropbox/Code/Titanium/YourBrain/Boozerlyzer/build/android/bin/assets/Resources/icons/Ice.png
[TRACE] COPYING CREATED FILE: /home/caspar/Dropbox/Code/Titanium/YourBrain/Boozerlyzer/Resources/icons/whiskey-empty.png => /home/caspar/Dropbox/Code/Titanium/YourBrain/Boozerlyzer/build/android/bin/assets/Resources/icons/whiskey-empty.png
[TRACE] COPYING CREATED FILE: /home/caspar/Dropbox/Code/Titanium/YourBrain/Boozerlyzer/Resources/icons/ybod-logo2.png => /home/caspar/Dropbox/Code/Titanium/YourBrain/Boozerlyzer/build/android/bin/assets/Resources/icons/ybod-logo2.png
[TRACE] COPYING CREATED FILE: /home/caspar/Dropbox/Code/Titanium/YourBrain/Boozerlyzer/Resources/icons/brain1111.svg => /home/caspar/Dropbox/Code/Titanium/YourBrain/Boozerlyzer/build/android/bin/assets/Resources/icons/brain1111.svg
[TRACE] COPYING CREATED FILE: /home/caspar/Dropbox/Code/Titanium/YourBrain/Boozerlyzer/Resources/icons/credit_card.png => /home/caspar/Dropbox/Code/Titanium/YourBrain/Boozerlyzer/build/android/bin/assets/Resources/icons/credit_card.png
[TRACE] COPYING CREATED FILE: /home/caspar/Dropbox/Code/Titanium/YourBrain/Boozerlyzer/Resources/icons/coins.png => /home/caspar/Dropbox/Code/Titanium/YourBrain/Boozerlyzer/build/android/bin/assets/Resources/icons/coins.png
[TRACE] COPYING CREATED FILE: /home/caspar/Dropbox/Code/Titanium/YourBrain/Boozerlyzer/Resources/icons/whiskey.png => /home/caspar/Dropbox/Code/Titanium/YourBrain/Boozerlyzer/build/android/bin/assets/Resources/icons/whiskey.png
[TRACE] COPYING CREATED FILE: /home/caspar/Dropbox/Code/Titanium/YourBrain/Boozerlyzer/Resources/icons/teddy_bear_toy_1.png => /home/caspar/Dropbox/Code/Titanium/YourBrain/Boozerlyzer/build/android/bin/assets/Resources/icons/teddy_bear_toy_1.png
[TRACE] COPYING CREATED FILE: /home/caspar/Dropbox/Code/Titanium/YourBrain/Boozerlyzer/Resources/icons/beer-256x256.png => /home/caspar/Dropbox/Code/Titanium/YourBrain/Boozerlyzer/build/android/bin/assets/Resources/icons/beer-256x256.png
[TRACE] COPYING CREATED FILE: /home/caspar/Dropbox/Code/Titanium/YourBrain/Boozerlyzer/Resources/icons/Happy.png => /home/caspar/Dropbox/Code/Titanium/YourBrain/Boozerlyzer/build/android/bin/assets/Resources/icons/Happy.png
[TRACE] COPYING CREATED FILE: /home/caspar/Dropbox/Code/Titanium/YourBrain/Boozerlyzer/Resources/icons/teddy_bear_toy_0.png => /home/caspar/Dropbox/Code/Titanium/YourBrain/Boozerlyzer/build/android/bin/assets/Resources/icons/teddy_bear_toy_0.png
[TRACE] COPYING CREATED FILE: /home/caspar/Dropbox/Code/Titanium/YourBrain/Boozerlyzer/Resources/icons/shopping cart.png => /home/caspar/Dropbox/Code/Titanium/YourBrain/Boozerlyzer/build/android/bin/assets/Resources/icons/shopping cart.png
[TRACE] COPYING CREATED FILE: /home/caspar/Dropbox/Code/Titanium/YourBrain/Boozerlyzer/Resources/icons/send.png => /home/caspar/Dropbox/Code/Titanium/YourBrain/Boozerlyzer/build/android/bin/assets/Resources/icons/send.png
[TRACE] COPYING CREATED FILE: /home/caspar/Dropbox/Code/Titanium/YourBrain/Boozerlyzer/Resources/icons/astronaut_256.png => /home/caspar/Dropbox/Code/Titanium/YourBrain/Boozerlyzer/build/android/bin/assets/Resources/icons/astronaut_256.png
[TRACE] COPYING CREATED FILE: /home/caspar/Dropbox/Code/Titanium/YourBrain/Boozerlyzer/Resources/icons/brain.png => /home/caspar/Dropbox/Code/Titanium/YourBrain/Boozerlyzer/build/android/bin/assets/Resources/icons/brain.png
[TRACE] COPYING CREATED FILE: /home/caspar/Dropbox/Code/Titanium/YourBrain/Boozerlyzer/Resources/icons/OffLamp.png => /home/caspar/Dropbox/Code/Titanium/YourBrain/Boozerlyzer/build/android/bin/assets/Resources/icons/OffLamp.png
[TRACE] COPYING CREATED FILE: /home/caspar/Dropbox/Code/Titanium/YourBrain/Boozerlyzer/Resources/icons/pills-4-128x128.png => /home/caspar/Dropbox/Code/Titanium/YourBrain/Boozerlyzer/build/android/bin/assets/Resources/icons/pills-4-128x128.png
[TRACE] COPYING CREATED FILE: /home/caspar/Dropbox/Code/Titanium/YourBrain/Boozerlyzer/Resources/icons/calculator.png => /home/caspar/Dropbox/Code/Titanium/YourBrain/Boozerlyzer/build/android/bin/assets/Resources/icons/calculator.png
[TRACE] COPYING CREATED FILE: /home/caspar/Dropbox/Code/Titanium/YourBrain/Boozerlyzer/Resources/icons/bluebrain.png => /home/caspar/Dropbox/Code/Titanium/YourBrain/Boozerlyzer/build/android/bin/assets/Resources/icons/bluebrain.png
[TRACE] COPYING CREATED FILE: /home/caspar/Dropbox/Code/Titanium/YourBrain/Boozerlyzer/Resources/icons/colba-128x128.png => /home/caspar/Dropbox/Code/Titanium/YourBrain/Boozerlyzer/build/android/bin/assets/Resources/icons/colba-128x128.png
[TRACE] COPYING CREATED FILE: /home/caspar/Dropbox/Code/Titanium/YourBrain/Boozerlyzer/Resources/icons/Beer1.svg => /home/caspar/Dropbox/Code/Titanium/YourBrain/Boozerlyzer/build/android/bin/assets/Resources/icons/Beer1.svg
[TRACE] COPYING CREATED FILE: /home/caspar/Dropbox/Code/Titanium/YourBrain/Boozerlyzer/Resources/icons/teddy_bear_toy_3.png => /home/caspar/Dropbox/Code/Titanium/YourBrain/Boozerlyzer/build/android/bin/assets/Resources/icons/teddy_bear_toy_3.png
[TRACE] COPYING CREATED FILE: /home/caspar/Dropbox/Code/Titanium/YourBrain/Boozerlyzer/Resources/icons/OnLamp.png => /home/caspar/Dropbox/Code/Titanium/YourBrain/Boozerlyzer/build/android/bin/assets/Resources/icons/OnLamp.png
[TRACE] COPYING CREATED FILE: /home/caspar/Dropbox/Code/Titanium/YourBrain/Boozerlyzer/Resources/icons/wine.png => /home/caspar/Dropbox/Code/Titanium/YourBrain/Boozerlyzer/build/android/bin/assets/Resources/icons/wine.png
[TRACE] COPYING CREATED FILE: /home/caspar/Dropbox/Code/Titanium/YourBrain/Boozerlyzer/Resources/icons/Chorus.png => /home/caspar/Dropbox/Code/Titanium/YourBrain/Boozerlyzer/build/android/bin/assets/Resources/icons/Chorus.png
[TRACE] COPYING CREATED FILE: /home/caspar/Dropbox/Code/Titanium/YourBrain/Boozerlyzer/Resources/icons/Drink me.png => /home/caspar/Dropbox/Code/Titanium/YourBrain/Boozerlyzer/build/android/bin/assets/Resources/icons/Drink me.png
[TRACE] COPYING CREATED FILE: /home/caspar/Dropbox/Code/Titanium/YourBrain/Boozerlyzer/Resources/icons/X cola lemon.png => /home/caspar/Dropbox/Code/Titanium/YourBrain/Boozerlyzer/build/android/bin/assets/Resources/icons/X cola lemon.png
[TRACE] COPYING CREATED FILE: /home/caspar/Dropbox/Code/Titanium/YourBrain/Boozerlyzer/Resources/icons/safe.png => /home/caspar/Dropbox/Code/Titanium/YourBrain/Boozerlyzer/build/android/bin/assets/Resources/icons/safe.png
[TRACE] COPYING CREATED FILE: /home/caspar/Dropbox/Code/Titanium/YourBrain/Boozerlyzer/Resources/icons/hamsterwheel.png => /home/caspar/Dropbox/Code/Titanium/YourBrain/Boozerlyzer/build/android/bin/assets/Resources/icons/hamsterwheel.png
[TRACE] COPYING CREATED FILE: /home/caspar/Dropbox/Code/Titanium/YourBrain/Boozerlyzer/Resources/icons/beer-empty.png => /home/caspar/Dropbox/Code/Titanium/YourBrain/Boozerlyzer/build/android/bin/assets/Resources/icons/beer-empty.png
[TRACE] COPYING CREATED FILE: /home/caspar/Dropbox/Code/Titanium/YourBrain/Boozerlyzer/Resources/icons/inverted_teddy_bear_toy_4.png => /home/caspar/Dropbox/Code/Titanium/YourBrain/Boozerlyzer/build/android/bin/assets/Resources/icons/inverted_teddy_bear_toy_4.png
[TRACE] COPYING CREATED FILE: /home/caspar/Dropbox/Code/Titanium/YourBrain/Boozerlyzer/Resources/icons/X cola on the rocks.png => /home/caspar/Dropbox/Code/Titanium/YourBrain/Boozerlyzer/build/android/bin/assets/Resources/icons/X cola on the rocks.png
[TRACE] COPYING CREATED FILE: /home/caspar/Dropbox/Code/Titanium/YourBrain/Boozerlyzer/Resources/icons/sober.png => /home/caspar/Dropbox/Code/Titanium/YourBrain/Boozerlyzer/build/android/bin/assets/Resources/icons/sober.png
[TRACE] COPYING CREATED FILE: /home/caspar/Dropbox/Code/Titanium/YourBrain/Boozerlyzer/Resources/icons/Fish.png => /home/caspar/Dropbox/Code/Titanium/YourBrain/Boozerlyzer/build/android/bin/assets/Resources/icons/Fish.png
[TRACE] COPYING CREATED FILE: /home/caspar/Dropbox/Code/Titanium/YourBrain/Boozerlyzer/Resources/icons/inverted_teddy_bear_toy_0.png => /home/caspar/Dropbox/Code/Titanium/YourBrain/Boozerlyzer/build/android/bin/assets/Resources/icons/inverted_teddy_bear_toy_0.png
[TRACE] COPYING CREATED FILE: /home/caspar/Dropbox/Code/Titanium/YourBrain/Boozerlyzer/Resources/icons/Music.png => /home/caspar/Dropbox/Code/Titanium/YourBrain/Boozerlyzer/build/android/bin/assets/Resources/icons/Music.png
[TRACE] COPYING CREATED FILE: /home/caspar/Dropbox/Code/Titanium/YourBrain/Boozerlyzer/Resources/icons/emotionalwords.png => /home/caspar/Dropbox/Code/Titanium/YourBrain/Boozerlyzer/build/android/bin/assets/Resources/icons/emotionalwords.png
[TRACE] COPYING CREATED FILE: /home/caspar/Dropbox/Code/Titanium/YourBrain/Boozerlyzer/Resources/icons/gold_bullion.png => /home/caspar/Dropbox/Code/Titanium/YourBrain/Boozerlyzer/build/android/bin/assets/Resources/icons/gold_bullion.png
[TRACE] COPYING CREATED FILE: /home/caspar/Dropbox/Code/Titanium/YourBrain/Boozerlyzer/Resources/icons/X beer.png => /home/caspar/Dropbox/Code/Titanium/YourBrain/Boozerlyzer/build/android/bin/assets/Resources/icons/X beer.png
[TRACE] COPYING CREATED FILE: /home/caspar/Dropbox/Code/Titanium/YourBrain/Boozerlyzer/Resources/icons/Memory.png => /home/caspar/Dropbox/Code/Titanium/YourBrain/Boozerlyzer/build/android/bin/assets/Resources/icons/Memory.png
[TRACE] COPYING CREATED FILE: /home/caspar/Dropbox/Code/Titanium/YourBrain/Boozerlyzer/Resources/icons/beer-full.png => /home/caspar/Dropbox/Code/Titanium/YourBrain/Boozerlyzer/build/android/bin/assets/Resources/icons/beer-full.png
[TRACE] COPYING CREATED FILE: /home/caspar/Dropbox/Code/Titanium/YourBrain/Boozerlyzer/Resources/icons/Devil.png => /home/caspar/Dropbox/Code/Titanium/YourBrain/Boozerlyzer/build/android/bin/assets/Resources/icons/Devil.png
[TRACE] COPYING CREATED FILE: /home/caspar/Dropbox/Code/Titanium/YourBrain/Boozerlyzer/Resources/icons/cash_register.png => /home/caspar/Dropbox/Code/Titanium/YourBrain/Boozerlyzer/build/android/bin/assets/Resources/icons/cash_register.png
[TRACE] COPYING CREATED FILE: /home/caspar/Dropbox/Code/Titanium/YourBrain/Boozerlyzer/Resources/icons/newdrinks.png => /home/caspar/Dropbox/Code/Titanium/YourBrain/Boozerlyzer/build/android/bin/assets/Resources/icons/newdrinks.png
[TRACE] COPYING CREATED FILE: /home/caspar/Dropbox/Code/Titanium/YourBrain/Boozerlyzer/Resources/icons/feelings.png => /home/caspar/Dropbox/Code/Titanium/YourBrain/Boozerlyzer/build/android/bin/assets/Resources/icons/feelings.png
[TRACE] COPYING CREATED FILE: /home/caspar/Dropbox/Code/Titanium/YourBrain/Boozerlyzer/Resources/icons/alarmd-256.png => /home/caspar/Dropbox/Code/Titanium/YourBrain/Boozerlyzer/build/android/bin/assets/Resources/icons/alarmd-256.png
[TRACE] COPYING CREATED FILE: /home/caspar/Dropbox/Code/Titanium/YourBrain/Boozerlyzer/Resources/icons/X cola special.png => /home/caspar/Dropbox/Code/Titanium/YourBrain/Boozerlyzer/build/android/bin/assets/Resources/icons/X cola special.png
[TRACE] COPYING CREATED FILE: /home/caspar/Dropbox/Code/Titanium/YourBrain/Boozerlyzer/Resources/icons/teddy_bears.png => /home/caspar/Dropbox/Code/Titanium/YourBrain/Boozerlyzer/build/android/bin/assets/Resources/icons/teddy_bears.png
[TRACE] COPYING CREATED FILE: /home/caspar/Dropbox/Code/Titanium/YourBrain/Boozerlyzer/Resources/icons/X cola.png => /home/caspar/Dropbox/Code/Titanium/YourBrain/Boozerlyzer/build/android/bin/assets/Resources/icons/X cola.png
[TRACE] COPYING CREATED FILE: /home/caspar/Dropbox/Code/Titanium/YourBrain/Boozerlyzer/Resources/icons/X milk.png => /home/caspar/Dropbox/Code/Titanium/YourBrain/Boozerlyzer/build/android/bin/assets/Resources/icons/X milk.png
[TRACE] COPYING CREATED FILE: /home/caspar/Dropbox/Code/Titanium/YourBrain/Boozerlyzer/Resources/icons/inverted_teddy_bear_toy_2.png => /home/caspar/Dropbox/Code/Titanium/YourBrain/Boozerlyzer/build/android/bin/assets/Resources/icons/inverted_teddy_bear_toy_2.png
[TRACE] COPYING CREATED FILE: /home/caspar/Dropbox/Code/Titanium/YourBrain/Boozerlyzer/Resources/icons/Brain_eyes_cerebrellum.svg => /home/caspar/Dropbox/Code/Titanium/YourBrain/Boozerlyzer/build/android/bin/assets/Resources/icons/Brain_eyes_cerebrellum.svg
[TRACE] COPYING CREATED FILE: /home/caspar/Dropbox/Code/Titanium/YourBrain/Boozerlyzer/Resources/icons/inverted_teddy_bear_toy_5.png => /home/caspar/Dropbox/Code/Titanium/YourBrain/Boozerlyzer/build/android/bin/assets/Resources/icons/inverted_teddy_bear_toy_5.png
[TRACE] COPYING CREATED FILE: /home/caspar/Dropbox/Code/Titanium/YourBrain/Boozerlyzer/Resources/icons/X grape.png => /home/caspar/Dropbox/Code/Titanium/YourBrain/Boozerlyzer/build/android/bin/assets/Resources/icons/X grape.png
[TRACE] COPYING CREATED FILE: /home/caspar/Dropbox/Code/Titanium/YourBrain/Boozerlyzer/Resources/icons/ybob-logo2-sml.png => /home/caspar/Dropbox/Code/Titanium/YourBrain/Boozerlyzer/build/android/bin/assets/Resources/icons/ybob-logo2-sml.png
[TRACE] COPYING CREATED FILE: /home/caspar/Dropbox/Code/Titanium/YourBrain/Boozerlyzer/Resources/icons/invoice.png => /home/caspar/Dropbox/Code/Titanium/YourBrain/Boozerlyzer/build/android/bin/assets/Resources/icons/invoice.png
[TRACE] COPYING CREATED FILE: /home/caspar/Dropbox/Code/Titanium/YourBrain/Boozerlyzer/Resources/icons/Elephant.png => /home/caspar/Dropbox/Code/Titanium/YourBrain/Boozerlyzer/build/android/bin/assets/Resources/icons/Elephant.png
[TRACE] COPYING CREATED FILE: /home/caspar/Dropbox/Code/Titanium/YourBrain/Boozerlyzer/Resources/icons/numberStroop.png => /home/caspar/Dropbox/Code/Titanium/YourBrain/Boozerlyzer/build/android/bin/assets/Resources/icons/numberStroop.png
[TRACE] COPYING CREATED FILE: /home/caspar/Dropbox/Code/Titanium/YourBrain/Boozerlyzer/Resources/icons/gamebox.png => /home/caspar/Dropbox/Code/Titanium/YourBrain/Boozerlyzer/build/android/bin/assets/Resources/icons/gamebox.png
[TRACE] COPYING CREATED FILE: /home/caspar/Dropbox/Code/Titanium/YourBrain/Boozerlyzer/Resources/icons/TheaterYellow2.png => /home/caspar/Dropbox/Code/Titanium/YourBrain/Boozerlyzer/build/android/bin/assets/Resources/icons/TheaterYellow2.png
[TRACE] COPYING CREATED FILE: /home/caspar/Dropbox/Code/Titanium/YourBrain/Boozerlyzer/Resources/icons/banknote.png => /home/caspar/Dropbox/Code/Titanium/YourBrain/Boozerlyzer/build/android/bin/assets/Resources/icons/banknote.png
[TRACE] COPYING CREATED FILE: /home/caspar/Dropbox/Code/Titanium/YourBrain/Boozerlyzer/Resources/icons/teddy_bear_toy_2.png => /home/caspar/Dropbox/Code/Titanium/YourBrain/Boozerlyzer/build/android/bin/assets/Resources/icons/teddy_bear_toy_2.png
[TRACE] COPYING CREATED FILE: /home/caspar/Dropbox/Code/Titanium/YourBrain/Boozerlyzer/Resources/icons/X cola enjoy.png => /home/caspar/Dropbox/Code/Titanium/YourBrain/Boozerlyzer/build/android/bin/assets/Resources/icons/X cola enjoy.png
[TRACE] COPYING CREATED FILE: /home/caspar/Dropbox/Code/Titanium/YourBrain/Boozerlyzer/Resources/icons/Evolution.png => /home/caspar/Dropbox/Code/Titanium/YourBrain/Boozerlyzer/build/android/bin/assets/Resources/icons/Evolution.png
[TRACE] COPYING CREATED FILE: /home/caspar/Dropbox/Code/Titanium/YourBrain/Boozerlyzer/Resources/icons/pills-2-128x128.png => /home/caspar/Dropbox/Code/Titanium/YourBrain/Boozerlyzer/build/android/bin/assets/Resources/icons/pills-2-128x128.png
[TRACE] COPYING CREATED FILE: /home/caspar/Dropbox/Code/Titanium/YourBrain/Boozerlyzer/Resources/icons/inverted_teddy_bear_toy_3.png => /home/caspar/Dropbox/Code/Titanium/YourBrain/Boozerlyzer/build/android/bin/assets/Resources/icons/inverted_teddy_bear_toy_3.png
[TRACE] COPYING CREATED FILE: /home/caspar/Dropbox/Code/Titanium/YourBrain/Boozerlyzer/Resources/icons/blergh.png => /home/caspar/Dropbox/Code/Titanium/YourBrain/Boozerlyzer/build/android/bin/assets/Resources/icons/blergh.png
[TRACE] COPYING CREATED FILE: /home/caspar/Dropbox/Code/Titanium/YourBrain/Boozerlyzer/Resources/icons/bar_chart.png => /home/caspar/Dropbox/Code/Titanium/YourBrain/Boozerlyzer/build/android/bin/assets/Resources/icons/bar_chart.png
[TRACE] COPYING CREATED FILE: /home/caspar/Dropbox/Code/Titanium/YourBrain/Boozerlyzer/Resources/ybob.db => /home/caspar/Dropbox/Code/Titanium/YourBrain/Boozerlyzer/build/android/bin/assets/Resources/ybob.db
[TRACE] COPYING CREATED FILE: /home/caspar/Dropbox/Code/Titanium/YourBrain/Boozerlyzer/Resources/images/smallcornercup.png => /home/caspar/Dropbox/Code/Titanium/YourBrain/Boozerlyzer/build/android/bin/assets/Resources/images/smallcornercup.png
[TRACE] COPYING CREATED FILE: /home/caspar/Dropbox/Code/Titanium/YourBrain/Boozerlyzer/Resources/images/xy-axes.png => /home/caspar/Dropbox/Code/Titanium/YourBrain/Boozerlyzer/build/android/bin/assets/Resources/images/xy-axes.png
[TRACE] COPYING CREATED FILE: /home/caspar/Dropbox/Code/Titanium/YourBrain/Boozerlyzer/Resources/images/diagonalaxes800x800.png => /home/caspar/Dropbox/Code/Titanium/YourBrain/Boozerlyzer/build/android/bin/assets/Resources/images/diagonalaxes800x800.png
[TRACE] COPYING CREATED FILE: /home/caspar/Dropbox/Code/Titanium/YourBrain/Boozerlyzer/Resources/images/mainmenu.png => /home/caspar/Dropbox/Code/Titanium/YourBrain/Boozerlyzer/build/android/bin/assets/Resources/images/mainmenu.png
[TRACE] COPYING CREATED FILE: /home/caspar/Dropbox/Code/Titanium/YourBrain/Boozerlyzer/Resources/images/blackaxis800x480.png => /home/caspar/Dropbox/Code/Titanium/YourBrain/Boozerlyzer/build/android/bin/assets/Resources/images/blackaxis800x480.png
[TRACE] COPYING CREATED FILE: /home/caspar/Dropbox/Code/Titanium/YourBrain/Boozerlyzer/Resources/ui/picker_drinks.js => /home/caspar/Dropbox/Code/Titanium/YourBrain/Boozerlyzer/build/android/bin/assets/Resources/ui/picker_drinks.js
[TRACE] COPYING CREATED FILE: /home/caspar/Dropbox/Code/Titanium/YourBrain/Boozerlyzer/Resources/data/selfAssessment.js => /home/caspar/Dropbox/Code/Titanium/YourBrain/Boozerlyzer/build/android/bin/assets/Resources/data/selfAssessment.js
[TRACE] COPYING CREATED FILE: /home/caspar/Dropbox/Code/Titanium/YourBrain/Boozerlyzer/Resources/data/tripReports.js => /home/caspar/Dropbox/Code/Titanium/YourBrain/Boozerlyzer/build/android/bin/assets/Resources/data/tripReports.js
[TRACE] COPYING CREATED FILE: /home/caspar/Dropbox/Code/Titanium/YourBrain/Boozerlyzer/Resources/data/gameScores.js => /home/caspar/Dropbox/Code/Titanium/YourBrain/Boozerlyzer/build/android/bin/assets/Resources/data/gameScores.js
[TRACE] COPYING CREATED FILE: /home/caspar/Dropbox/Code/Titanium/YourBrain/Boozerlyzer/Resources/data/alcoholStandardUnits.js => /home/caspar/Dropbox/Code/Titanium/YourBrain/Boozerlyzer/build/android/bin/assets/Resources/data/alcoholStandardUnits.js
[TRACE] COPYING CREATED FILE: /home/caspar/Dropbox/Code/Titanium/YourBrain/Boozerlyzer/Resources/data/doseageLog.js => /home/caspar/Dropbox/Code/Titanium/YourBrain/Boozerlyzer/build/android/bin/assets/Resources/data/doseageLog.js
[TRACE] COPYING CREATED FILE: /home/caspar/Dropbox/Code/Titanium/YourBrain/Boozerlyzer/Resources/data/pissonyms.js => /home/caspar/Dropbox/Code/Titanium/YourBrain/Boozerlyzer/build/android/bin/assets/Resources/data/pissonyms.js
[TRACE] COPYING CREATED FILE: /home/caspar/Dropbox/Code/Titanium/YourBrain/Boozerlyzer/Resources/data/drugDoses.js => /home/caspar/Dropbox/Code/Titanium/YourBrain/Boozerlyzer/build/android/bin/assets/Resources/data/drugDoses.js
[TRACE] COPYING CREATED FILE: /home/caspar/Dropbox/Code/Titanium/YourBrain/Boozerlyzer/Resources/data/sessions.js => /home/caspar/Dropbox/Code/Titanium/YourBrain/Boozerlyzer/build/android/bin/assets/Resources/data/sessions.js
[TRACE] COPYING CREATED FILE: /home/caspar/Dropbox/Code/Titanium/YourBrain/Boozerlyzer/Resources/data/weFeelFine.js => /home/caspar/Dropbox/Code/Titanium/YourBrain/Boozerlyzer/build/android/bin/assets/Resources/data/weFeelFine.js
[TRACE] COPYING CREATED FILE: /home/caspar/Dropbox/Code/Titanium/YourBrain/Boozerlyzer/Resources/data/personalInfo.js => /home/caspar/Dropbox/Code/Titanium/YourBrain/Boozerlyzer/build/android/bin/assets/Resources/data/personalInfo.js
[TRACE] COPYING CREATED FILE: /home/caspar/Dropbox/Code/Titanium/YourBrain/Boozerlyzer/Resources/data/emotionWords.js => /home/caspar/Dropbox/Code/Titanium/YourBrain/Boozerlyzer/build/android/bin/assets/Resources/data/emotionWords.js
[TRACE] COPYING CREATED FILE: /home/caspar/Dropbox/Code/Titanium/YourBrain/Boozerlyzer/Resources/analysis/dataOverTime.js => /home/caspar/Dropbox/Code/Titanium/YourBrain/Boozerlyzer/build/android/bin/assets/Resources/analysis/dataOverTime.js
[TRACE] COPYING CREATED FILE: /home/caspar/Dropbox/Code/Titanium/YourBrain/Boozerlyzer/Resources/ybob-logo2-sml.png => /home/caspar/Dropbox/Code/Titanium/YourBrain/Boozerlyzer/build/android/bin/assets/Resources/ybob-logo2-sml.png
[TRACE] COPYING CREATED FILE: /home/caspar/Dropbox/Code/Titanium/YourBrain/Boozerlyzer/Resources/android/default.png => /home/caspar/Dropbox/Code/Titanium/YourBrain/Boozerlyzer/build/android/bin/assets/Resources/default.png
[TRACE] COPYING CREATED FILE: /home/caspar/Dropbox/Code/Titanium/YourBrain/Boozerlyzer/Resources/android/appicon.png => /home/caspar/Dropbox/Code/Titanium/YourBrain/Boozerlyzer/build/android/bin/assets/Resources/appicon.png
[TRACE] COPYING CREATED FILE: /home/caspar/Dropbox/Code/Titanium/YourBrain/Boozerlyzer/Resources/ybod_db.sql => /home/caspar/Dropbox/Code/Titanium/YourBrain/Boozerlyzer/build/android/bin/assets/Resources/ybod_db.sql
[TRACE] Generating Java Classes
[DEBUG] Processing Android resource drawables
[DEBUG] copying app icon: /home/caspar/Dropbox/Code/Titanium/YourBrain/Boozerlyzer/build/android/bin/assets/Resources/ybob-logo2-sml.png
[DEBUG] generating theme.xml
[DEBUG] found drawable-long-land-hdpi splash screen at /home/caspar/Dropbox/Code/Titanium/YourBrain/Boozerlyzer/Resources/android/images/res-long-land-hdpi/default.png
[DEBUG] copying /home/caspar/Dropbox/Code/Titanium/YourBrain/Boozerlyzer/Resources/android/images/res-long-land-hdpi/default.png splash screen to /home/caspar/Dropbox/Code/Titanium/YourBrain/Boozerlyzer/build/android/res/drawable-long-land-hdpi/background.png
[DEBUG] found drawable-long-port-hdpi splash screen at /home/caspar/Dropbox/Code/Titanium/YourBrain/Boozerlyzer/Resources/android/images/res-long-port-hdpi/default.png
[DEBUG] copying /home/caspar/Dropbox/Code/Titanium/YourBrain/Boozerlyzer/Resources/android/images/res-long-port-hdpi/default.png splash screen to /home/caspar/Dropbox/Code/Titanium/YourBrain/Boozerlyzer/build/android/res/drawable-long-port-hdpi/background.png
[DEBUG] found drawable-notlong-land-ldpi splash screen at /home/caspar/Dropbox/Code/Titanium/YourBrain/Boozerlyzer/Resources/android/images/res-notlong-land-ldpi/default.png
[DEBUG] copying /home/caspar/Dropbox/Code/Titanium/YourBrain/Boozerlyzer/Resources/android/images/res-notlong-land-ldpi/default.png splash screen to /home/caspar/Dropbox/Code/Titanium/YourBrain/Boozerlyzer/build/android/res/drawable-notlong-land-ldpi/background.png
[DEBUG] found drawable-notlong-land-mdpi splash screen at /home/caspar/Dropbox/Code/Titanium/YourBrain/Boozerlyzer/Resources/android/images/res-notlong-land-mdpi/default.png
[DEBUG] copying /home/caspar/Dropbox/Code/Titanium/YourBrain/Boozerlyzer/Resources/android/images/res-notlong-land-mdpi/default.png splash screen to /home/caspar/Dropbox/Code/Titanium/YourBrain/Boozerlyzer/build/android/res/drawable-notlong-land-mdpi/background.png
[DEBUG] found drawable-long-land-ldpi splash screen at /home/caspar/Dropbox/Code/Titanium/YourBrain/Boozerlyzer/Resources/android/images/res-long-land-ldpi/default.png
[DEBUG] copying /home/caspar/Dropbox/Code/Titanium/YourBrain/Boozerlyzer/Resources/android/images/res-long-land-ldpi/default.png splash screen to /home/caspar/Dropbox/Code/Titanium/YourBrain/Boozerlyzer/build/android/res/drawable-long-land-ldpi/background.png
[DEBUG] found drawable-notlong-land-hdpi splash screen at /home/caspar/Dropbox/Code/Titanium/YourBrain/Boozerlyzer/Resources/android/images/res-notlong-land-hdpi/default.png
[DEBUG] copying /home/caspar/Dropbox/Code/Titanium/YourBrain/Boozerlyzer/Resources/android/images/res-notlong-land-hdpi/default.png splash screen to /home/caspar/Dropbox/Code/Titanium/YourBrain/Boozerlyzer/build/android/res/drawable-notlong-land-hdpi/background.png
[DEBUG] found drawable-notlong-port-hdpi splash screen at /home/caspar/Dropbox/Code/Titanium/YourBrain/Boozerlyzer/Resources/android/images/res-notlong-port-hdpi/default.png
[DEBUG] copying /home/caspar/Dropbox/Code/Titanium/YourBrain/Boozerlyzer/Resources/android/images/res-notlong-port-hdpi/default.png splash screen to /home/caspar/Dropbox/Code/Titanium/YourBrain/Boozerlyzer/build/android/res/drawable-notlong-port-hdpi/background.png
[DEBUG] found drawable-long-port-ldpi splash screen at /home/caspar/Dropbox/Code/Titanium/YourBrain/Boozerlyzer/Resources/android/images/res-long-port-ldpi/default.png
[DEBUG] copying /home/caspar/Dropbox/Code/Titanium/YourBrain/Boozerlyzer/Resources/android/images/res-long-port-ldpi/default.png splash screen to /home/caspar/Dropbox/Code/Titanium/YourBrain/Boozerlyzer/build/android/res/drawable-long-port-ldpi/background.png
[DEBUG] found drawable-notlong-port-mdpi splash screen at /home/caspar/Dropbox/Code/Titanium/YourBrain/Boozerlyzer/Resources/android/images/res-notlong-port-mdpi/default.png
[DEBUG] copying /home/caspar/Dropbox/Code/Titanium/YourBrain/Boozerlyzer/Resources/android/images/res-notlong-port-mdpi/default.png splash screen to /home/caspar/Dropbox/Code/Titanium/YourBrain/Boozerlyzer/build/android/res/drawable-notlong-port-mdpi/background.png
[DEBUG] found drawable-notlong-port-ldpi splash screen at /home/caspar/Dropbox/Code/Titanium/YourBrain/Boozerlyzer/Resources/android/images/res-notlong-port-ldpi/default.png
[DEBUG] copying /home/caspar/Dropbox/Code/Titanium/YourBrain/Boozerlyzer/Resources/android/images/res-notlong-port-ldpi/default.png splash screen to /home/caspar/Dropbox/Code/Titanium/YourBrain/Boozerlyzer/build/android/res/drawable-notlong-port-ldpi/background.png
[DEBUG] found splash screen at /home/caspar/Dropbox/Code/Titanium/YourBrain/Boozerlyzer/build/android/bin/assets/Resources/default.png
[TRACE] Writing out AndroidManifest.xml
[DEBUG] adding /home/caspar/Dropbox/Code/Titanium/YourBrain/Boozerlyzer/build/android/gen/net/yourbrainondrugs/ybob/BoozerlyzerAppInfo.java to javac build list
[DEBUG] adding /home/caspar/Dropbox/Code/Titanium/YourBrain/Boozerlyzer/build/android/gen/net/yourbrainondrugs/ybob/BoozerlyzerActivity.java to javac build list
[DEBUG] adding /home/caspar/Dropbox/Code/Titanium/YourBrain/Boozerlyzer/build/android/gen/net/yourbrainondrugs/ybob/BoozerlyzerApplication.java to javac build list
[DEBUG] adding /home/caspar/Dropbox/Code/Titanium/YourBrain/Boozerlyzer/build/android/gen/net/yourbrainondrugs/ybob/R.java to javac build list
[DEBUG] Building Java Sources: "/home/caspar/Dropbox/Code/Titanium/YourBrain/Boozerlyzer/build/android/gen/net/yourbrainondrugs/ybob/BoozerlyzerAppInfo.java" "/home/caspar/Dropbox/Code/Titanium/YourBrain/Boozerlyzer/build/android/gen/net/yourbrainondrugs/ybob/BoozerlyzerActivity.java" "/home/caspar/Dropbox/Code/Titanium/YourBrain/Boozerlyzer/build/android/gen/net/yourbrainondrugs/ybob/BoozerlyzerApplication.java" "/home/caspar/Dropbox/Code/Titanium/YourBrain/Boozerlyzer/build/android/gen/net/yourbrainondrugs/ybob/R.java"
[INFO] Waiting for SDCard to become available..
[INFO] Compiling Android Resources... This could take some time
[DEBUG] Android classes.dex built
[DEBUG] creating unsigned apk: /home/caspar/Dropbox/Code/Titanium/YourBrain/Boozerlyzer/build/android/bin/app-unsigned.apk
[DEBUG] from resource zip => assets/Resources/analysis/dataOverTime.js
[DEBUG] from resource zip => assets/Resources/charts/chart.html
[DEBUG] from resource zip => assets/Resources/charts/chart2.html
[DEBUG] from resource zip => assets/Resources/charts/chart3.html
[DEBUG] from resource zip => assets/Resources/charts/chartSingleSession.html
[DEBUG] from resource zip => assets/Resources/charts/raphtest.html
[DEBUG] from resource zip => assets/Resources/data/alcoholStandardUnits.js
[DEBUG] from resource zip => assets/Resources/data/doseageLog.js
[DEBUG] from resource zip => assets/Resources/data/drugDoses.js
[DEBUG] from resource zip => assets/Resources/data/emotionWords.js
[DEBUG] from resource zip => assets/Resources/data/gameScores.js
[DEBUG] from resource zip => assets/Resources/data/personalInfo.js
[DEBUG] from resource zip => assets/Resources/data/pissonyms.js
[DEBUG] from resource zip => assets/Resources/data/selfAssessment.js
[DEBUG] from resource zip => assets/Resources/data/sessions.js
[DEBUG] from resource zip => assets/Resources/data/tripReports.js
[DEBUG] from resource zip => assets/Resources/data/weFeelFine.js
[DEBUG] from resource zip => assets/Resources/icons/AGrade.png
[DEBUG] from resource zip => assets/Resources/icons/Angel.png
[DEBUG] from resource zip => assets/Resources/icons/Beer1.svg
[DEBUG] from resource zip => assets/Resources/icons/Brain_eyes_cerebrellum.svg
[DEBUG] from resource zip => assets/Resources/icons/Chorus.png
[DEBUG] from resource zip => assets/Resources/icons/Devil.png
[DEBUG] from resource zip => assets/Resources/icons/Drink me.png
[DEBUG] from resource zip => assets/Resources/icons/DullLamp.png
[DEBUG] from resource zip => assets/Resources/icons/Elephant.png
[DEBUG] from resource zip => assets/Resources/icons/Evolution.png
[DEBUG] from resource zip => assets/Resources/icons/Fish-256.png
[DEBUG] from resource zip => assets/Resources/icons/Fish.png
[DEBUG] from resource zip => assets/Resources/icons/Happy.png
[DEBUG] from resource zip => assets/Resources/icons/Ice.png
[DEBUG] from resource zip => assets/Resources/icons/Memory.png
[DEBUG] from resource zip => assets/Resources/icons/Misc.png
[DEBUG] from resource zip => assets/Resources/icons/Music.png
[DEBUG] from resource zip => assets/Resources/icons/OffLamp.png
[DEBUG] from resource zip => assets/Resources/icons/OnLamp.png
[DEBUG] from resource zip => assets/Resources/icons/Sad.png
[DEBUG] from resource zip => assets/Resources/icons/Target-256.png
[DEBUG] from resource zip => assets/Resources/icons/TheaterYellow2.png
[DEBUG] from resource zip => assets/Resources/icons/X beer.png
[DEBUG] from resource zip => assets/Resources/icons/X cola enjoy.png
[DEBUG] from resource zip => assets/Resources/icons/X cola lemon.png
[DEBUG] from resource zip => assets/Resources/icons/X cola on the rocks.png
[DEBUG] from resource zip => assets/Resources/icons/X cola special.png
[DEBUG] from resource zip => assets/Resources/icons/X cola.png
[DEBUG] from resource zip => assets/Resources/icons/X grape.png
[DEBUG] from resource zip => assets/Resources/icons/X milk.png
[DEBUG] from resource zip => assets/Resources/icons/X orange.png
[DEBUG] from resource zip => assets/Resources/icons/X water.png
[DEBUG] from resource zip => assets/Resources/icons/alarmd-256.png
[DEBUG] from resource zip => assets/Resources/icons/astronaut_256.png
[DEBUG] from resource zip => assets/Resources/icons/baby_icon.jpg
[DEBUG] from resource zip => assets/Resources/icons/banknote.png
[DEBUG] from resource zip => assets/Resources/icons/bar_chart.png
[DEBUG] from resource zip => assets/Resources/icons/beer-256x256.png
[DEBUG] from resource zip => assets/Resources/icons/beer-empty.png
[DEBUG] from resource zip => assets/Resources/icons/beer-full.png
[DEBUG] from resource zip => assets/Resources/icons/blergh.png
[DEBUG] from resource zip => assets/Resources/icons/bluebrain.png
[DEBUG] from resource zip => assets/Resources/icons/brain.png
[DEBUG] from resource zip => assets/Resources/icons/brain1111.svg
[DEBUG] from resource zip => assets/Resources/icons/calculator.png
[DEBUG] from resource zip => assets/Resources/icons/cash_register.png
[DEBUG] from resource zip => assets/Resources/icons/coins.png
[DEBUG] from resource zip => assets/Resources/icons/colba-128x128.png
[DEBUG] from resource zip => assets/Resources/icons/credit_card.png
[DEBUG] from resource zip => assets/Resources/icons/drunk.png
[DEBUG] from resource zip => assets/Resources/icons/emotionalwords.png
[DEBUG] from resource zip => assets/Resources/icons/feelings.png
[DEBUG] from resource zip => assets/Resources/icons/full_size_snail_icon_by_jordanfc.png
[DEBUG] from resource zip => assets/Resources/icons/gamebox.png
[DEBUG] from resource zip => assets/Resources/icons/gold_bullion.png
[DEBUG] from resource zip => assets/Resources/icons/hamsterwheel.png
[DEBUG] from resource zip => assets/Resources/icons/inverted_teddy_bear_toy_0.png
[DEBUG] from resource zip => assets/Resources/icons/inverted_teddy_bear_toy_1.png
[DEBUG] from resource zip => assets/Resources/icons/inverted_teddy_bear_toy_2.png
[DEBUG] from resource zip => assets/Resources/icons/inverted_teddy_bear_toy_3.png
[DEBUG] from resource zip => assets/Resources/icons/inverted_teddy_bear_toy_4.png
[DEBUG] from resource zip => assets/Resources/icons/inverted_teddy_bear_toy_5.png
[DEBUG] from resource zip => assets/Resources/icons/invoice.png
[DEBUG] from resource zip => assets/Resources/icons/line_chart.png
[DEBUG] from resource zip => assets/Resources/icons/newdrinks.png
[DEBUG] from resource zip => assets/Resources/icons/numberStroop.png
[DEBUG] from resource zip => assets/Resources/icons/orange white pill.gif
[DEBUG] from resource zip => assets/Resources/icons/pie_chart.png
[DEBUG] from resource zip => assets/Resources/icons/pills-2-128x128.png
[DEBUG] from resource zip => assets/Resources/icons/pills-3-128x128.png
[DEBUG] from resource zip => assets/Resources/icons/pills-4-128x128.png
[DEBUG] from resource zip => assets/Resources/icons/rocket.png
[DEBUG] from resource zip => assets/Resources/icons/rocket_256.png
[DEBUG] from resource zip => assets/Resources/icons/rubik.png
[DEBUG] from resource zip => assets/Resources/icons/safe.png
[DEBUG] from resource zip => assets/Resources/icons/send.png
[DEBUG] from resource zip => assets/Resources/icons/shopping cart.png
[DEBUG] from resource zip => assets/Resources/icons/snail.png
[DEBUG] from resource zip => assets/Resources/icons/sober.png
[DEBUG] from resource zip => assets/Resources/icons/teddy_bear_toy_0.png
[DEBUG] from resource zip => assets/Resources/icons/teddy_bear_toy_1.png
[DEBUG] from resource zip => assets/Resources/icons/teddy_bear_toy_2.png
[DEBUG] from resource zip => assets/Resources/icons/teddy_bear_toy_3.png
[DEBUG] from resource zip => assets/Resources/icons/teddy_bear_toy_4.png
[DEBUG] from resource zip => assets/Resources/icons/teddy_bear_toy_5.png
[DEBUG] from resource zip => assets/Resources/icons/teddy_bears.png
[DEBUG] from resource zip => assets/Resources/icons/time.png
[DEBUG] from resource zip => assets/Resources/icons/tripreport.png
[DEBUG] from resource zip => assets/Resources/icons/whiskey-empty.png
[DEBUG] from resource zip => assets/Resources/icons/whiskey.png
[DEBUG] from resource zip => assets/Resources/icons/wine-empty.png
[DEBUG] from resource zip => assets/Resources/icons/wine.png
[DEBUG] from resource zip => assets/Resources/icons/ybob-logo2-sml.png
[DEBUG] from resource zip => assets/Resources/icons/ybob-logo2.png
[DEBUG] from resource zip => assets/Resources/icons/ybod-logo2.png
[DEBUG] from resource zip => assets/Resources/images/blackaxis800x480.png
[DEBUG] from resource zip => assets/Resources/images/diagonalaxes800x800.png
[DEBUG] from resource zip => assets/Resources/images/mainmenu.png
[DEBUG] from resource zip => assets/Resources/images/smallcornercup.png
[DEBUG] from resource zip => assets/Resources/images/xy-axes.png
[DEBUG] from resource zip => assets/Resources/js/bloodalcohol.js
[DEBUG] from resource zip => assets/Resources/js/dateTimeHelpers.js
[DEBUG] from resource zip => assets/Resources/libraries/RGraph.bar.js
[DEBUG] from resource zip => assets/Resources/libraries/RGraph.bipolar.js
[DEBUG] from resource zip => assets/Resources/libraries/RGraph.common.adjusting.js
[DEBUG] from resource zip => assets/Resources/libraries/RGraph.common.annotate.js
[DEBUG] from resource zip => assets/Resources/libraries/RGraph.common.context.js
[DEBUG] from resource zip => assets/Resources/libraries/RGraph.common.core.js
[DEBUG] from resource zip => assets/Resources/libraries/RGraph.common.resizing.js
[DEBUG] from resource zip => assets/Resources/libraries/RGraph.common.tooltips.js
[DEBUG] from resource zip => assets/Resources/libraries/RGraph.common.zoom.js
[DEBUG] from resource zip => assets/Resources/libraries/RGraph.funnel.js
[DEBUG] from resource zip => assets/Resources/libraries/RGraph.gantt.js
[DEBUG] from resource zip => assets/Resources/libraries/RGraph.hbar.js
[DEBUG] from resource zip => assets/Resources/libraries/RGraph.hprogress.js
[DEBUG] from resource zip => assets/Resources/libraries/RGraph.led.js
[DEBUG] from resource zip => assets/Resources/libraries/RGraph.line.js
[DEBUG] from resource zip => assets/Resources/libraries/RGraph.meter.js
[DEBUG] from resource zip => assets/Resources/libraries/RGraph.modaldialog.js
[DEBUG] from resource zip => assets/Resources/libraries/RGraph.odo.js
[DEBUG] from resource zip => assets/Resources/libraries/RGraph.pie.js
[DEBUG] from resource zip => assets/Resources/libraries/RGraph.rose.js
[DEBUG] from resource zip => assets/Resources/libraries/RGraph.rscatter.js
[DEBUG] from resource zip => assets/Resources/libraries/RGraph.scatter.js
[DEBUG] from resource zip => assets/Resources/libraries/RGraph.skeleton.js
[DEBUG] from resource zip => assets/Resources/libraries/RGraph.tradar.js
[DEBUG] from resource zip => assets/Resources/libraries/RGraph.vprogress.js
[DEBUG] from resource zip => assets/Resources/libraries/g.pie-min.js
[DEBUG] from resource zip => assets/Resources/libraries/g.raphael-min.js
[DEBUG] from resource zip => assets/Resources/libraries/raphael-min.lib
[DEBUG] from resource zip => assets/Resources/ui/picker_drinks.js
[DEBUG] from resource zip => assets/Resources/win/win_charts.js
[DEBUG] from resource zip => assets/Resources/win/win_doseage.js
[DEBUG] from resource zip => assets/Resources/win/win_drinks.js
[DEBUG] from resource zip => assets/Resources/win/win_emotion.js
[DEBUG] from resource zip => assets/Resources/win/win_gameMenu.js
[DEBUG] from resource zip => assets/Resources/win/win_gameStatLearn.js
[DEBUG] from resource zip => assets/Resources/win/win_gameStroop.js
[DEBUG] from resource zip => assets/Resources/win/win_gameWords.js
[DEBUG] from resource zip => assets/Resources/win/win_highScores.js
[DEBUG] from resource zip => assets/Resources/win/win_main.js
[DEBUG] from resource zip => assets/Resources/win/win_mydata.js
[DEBUG] from resource zip => assets/Resources/win/win_personal.js
[DEBUG] from resource zip => assets/Resources/win/win_privacy.js
[DEBUG] from resource zip => assets/Resources/win/win_results1.js
[DEBUG] from resource zip => assets/Resources/win/win_tripreport.js
[DEBUG] from resource zip => assets/Resources/app.js
[DEBUG] from resource zip => assets/Resources/appicon.png
[DEBUG] from resource zip => assets/Resources/default.png
[DEBUG] from resource zip => assets/Resources/ybob-logo2-sml.png
[DEBUG] from resource zip => assets/Resources/ybob.db
[DEBUG] from resource zip => assets/Resources/ybod_db.sql
[DEBUG] from resource zip => assets/tiapp.xml
[DEBUG] from resource zip => res/drawable/appicon.png
[DEBUG] from resource zip => res/drawable/background.png
[DEBUG] from resource zip => res/layout/titanium_tabgroup.xml
[DEBUG] from resource zip => AndroidManifest.xml
[DEBUG] from resource zip => resources.arsc
[DEBUG] from resource zip => res/drawable-long-land-hdpi/background.png
[DEBUG] from resource zip => res/drawable-long-land-ldpi/background.png
[DEBUG] from resource zip => res/drawable-long-port-hdpi/background.png
[DEBUG] from resource zip => res/drawable-long-port-ldpi/background.png
[DEBUG] from resource zip => res/drawable-notlong-land-hdpi/background.png
[DEBUG] from resource zip => res/drawable-notlong-land-ldpi/background.png
[DEBUG] from resource zip => res/drawable-notlong-land-mdpi/background.png
[DEBUG] from resource zip => res/drawable-notlong-port-hdpi/background.png
[DEBUG] from resource zip => res/drawable-notlong-port-ldpi/background.png
[DEBUG] from resource zip => res/drawable-notlong-port-mdpi/background.png
[DEBUG] from JAR /home/caspar/.titanium/mobilesdk/linux/1.7.0.RC1/android/titanium.jar => org/apache/Commons-NOTICE.txt
[DEBUG] from JAR /home/caspar/.titanium/mobilesdk/linux/1.7.0.RC1/android/titanium.jar => org/apache/HttpComponents-NOTICE.txt
[DEBUG] from JAR /home/caspar/.titanium/mobilesdk/linux/1.7.0.RC1/android/titanium.jar => org/apache/mime4j-NOTICE.txt
[DEBUG] from JAR /home/caspar/.titanium/mobilesdk/linux/1.7.0.RC1/android/titanium.jar => org/appcelerator/titanium/build.properties
[DEBUG] from JAR /home/caspar/.titanium/mobilesdk/linux/1.7.0.RC1/android/titanium.jar => org/appcelerator/titanium/res/drawable/background.png
[DEBUG] from JAR /home/caspar/.titanium/mobilesdk/linux/1.7.0.RC1/android/titanium.jar => org/appcelerator/titanium/res/drawable/btn_check_buttonless_on.png
[DEBUG] from JAR /home/caspar/.titanium/mobilesdk/linux/1.7.0.RC1/android/titanium.jar => org/appcelerator/titanium/res/drawable/btn_check_buttonless_on_18.png
[DEBUG] from JAR /home/caspar/.titanium/mobilesdk/linux/1.7.0.RC1/android/titanium.jar => org/appcelerator/titanium/res/drawable/btn_check_buttonless_on_48.png
[DEBUG] from JAR /home/caspar/.titanium/mobilesdk/linux/1.7.0.RC1/android/titanium.jar => org/appcelerator/titanium/res/drawable/btn_more.png
[DEBUG] from JAR /home/caspar/.titanium/mobilesdk/linux/1.7.0.RC1/android/titanium.jar => org/appcelerator/titanium/res/drawable/btn_more_18.png
[DEBUG] from JAR /home/caspar/.titanium/mobilesdk/linux/1.7.0.RC1/android/titanium.jar => org/appcelerator/titanium/res/drawable/btn_more_48.png
[DEBUG] from JAR /home/caspar/.titanium/mobilesdk/linux/1.7.0.RC1/android/titanium.jar => org/appcelerator/titanium/res/drawable/btn_picker_normal.9.png
[DEBUG] from JAR /home/caspar/.titanium/mobilesdk/linux/1.7.0.RC1/android/titanium.jar => org/appcelerator/titanium/res/drawable/btn_picker_pressed.9.png
[DEBUG] from JAR /home/caspar/.titanium/mobilesdk/linux/1.7.0.RC1/android/titanium.jar => org/appcelerator/titanium/res/drawable/btn_picker_selected.9.png
[DEBUG] from JAR /home/caspar/.titanium/mobilesdk/linux/1.7.0.RC1/android/titanium.jar => org/appcelerator/titanium/res/drawable/default_icon.png
[DEBUG] from JAR /home/caspar/.titanium/mobilesdk/linux/1.7.0.RC1/android/titanium.jar => org/appcelerator/titanium/res/drawable/photoDefault.png
[DEBUG] from JAR /home/caspar/.titanium/mobilesdk/linux/1.7.0.RC1/android/smalljs.jar => org/mozilla/javascript/resources/Messages.properties
[DEBUG] from JAR /home/caspar/.titanium/mobilesdk/linux/1.7.0.RC1/android/smalljs.jar => org/mozilla/javascript/resources/Messages_fr.properties
[DEBUG] from JAR /home/caspar/.titanium/mobilesdk/linux/1.7.0.RC1/android/modules/titanium-ui.jar => ti/modules/titanium/ui/widget/webview/binding.js
[DEBUG] from JAR /home/caspar/.titanium/mobilesdk/linux/1.7.0.RC1/android/modules/titanium-ui.jar => ti/modules/titanium/ui/widget/webview/binding.min.js
[DEBUG] from JAR /home/caspar/.titanium/mobilesdk/linux/1.7.0.RC1/android/modules/titanium-ui.jar => ti/modules/titanium/ui/widget/webview/json2.js
[DEBUG] Waiting for device to be ready ...
[TRACE] adb devices returned 1 devices/emulators
[DEBUG] Device connected... (waited 0 seconds)
[DEBUG] waited 0.022408 seconds on emulator to get ready
[INFO] Installing application on device
[INFO] Launching application ... Boozerlyzer
[TRACE] Launch output: Starting: Intent { act=android.intent.action.MAIN cat=[android.intent.category.LAUNCHER] cmp=net.yourbrainondrugs.ybob/.BoozerlyzerActivity }

[INFO] Deployed Boozerlyzer ... Application should be running.
